2022-04-20 01:11:33 info: Server Start Listening on port 3000
2022-04-20 01:11:36 info: Server Start Listening on port $3000
2022-04-20 01:11:37 info: Server Start Listening on port 3000
2022-04-20 01:11:47 info: [0mGET / [33m404[0m 2.647 ms - 139[0m

2022-04-20 01:12:42 info: [0mGET / [33m404[0m 3.092 ms - 139[0m

2022-04-20 01:12:49 info: [0mGET /test/ [33m404[0m 0.633 ms - 144[0m

2022-04-20 01:12:53 info: info test
2022-04-20 01:12:53 info: [0mGET /test/info [32m200[0m 2.360 ms - 24[0m

2022-04-20 01:13:02 warn: warning test
2022-04-20 01:13:02 info: [0mGET /test/warn [33m400[0m 1.109 ms - 27[0m

2022-04-20 01:13:07 error: error test
2022-04-20 01:13:07 info: [0mGET /test/error [31m500[0m 1.234 ms - 25[0m

2022-04-20 01:13:32 error: error test
2022-04-20 01:13:32 info: [0mGET /test/error [31m500[0m 1.420 ms - 25[0m

2022-04-20 01:15:40 info: [0mGET / [33m404[0m 2.223 ms - 139[0m

2022-04-20 01:15:44 info: [0mGET /test [33m404[0m 0.718 ms - 143[0m

2022-04-20 01:15:46 warn: warning test
2022-04-20 01:15:46 info: [0mGET /test/warn [33m400[0m 2.628 ms - 27[0m

2022-04-20 01:15:49 error: error test
2022-04-20 01:15:49 info: [0mGET /test/error [31m500[0m 1.148 ms - 25[0m

2022-04-20 01:30:13 info: [0mGET / [33m404[0m 2.306 ms - 139[0m

2022-04-20 01:30:17 info: [0mGET / [33m404[0m 0.588 ms - 139[0m

2022-04-20 01:30:43 info: [0mGET / [32m200[0m 2.191 ms - 24[0m

2022-04-20 01:30:50 info: [0mGET / [32m200[0m 1.885 ms - 19[0m

2022-04-20 01:31:13 info: [0mGET / [36m304[0m 0.483 ms - -[0m

2022-04-20 01:31:14 info: [0mGET / [36m304[0m 0.321 ms - -[0m

2022-04-20 01:33:04 info: [0mGET / [36m304[0m 1.809 ms - -[0m

2022-04-20 01:33:05 info: [0mGET / [36m304[0m 0.371 ms - -[0m

2022-04-20 01:33:05 info: [0mGET / [36m304[0m 0.540 ms - -[0m

2022-04-20 01:33:05 info: [0mGET / [36m304[0m 0.280 ms - -[0m

2022-04-20 01:37:13 info: [0mGET / [36m304[0m 1.843 ms - -[0m
: undefined
2022-04-20 01:37:14 info: [0mGET / [36m304[0m 0.446 ms - -[0m
: undefined
2022-04-20 01:37:14 info: [0mGET / [36m304[0m 0.280 ms - -[0m
: undefined
2022-04-20 10:12:05 info: [0mGET / [32m200[0m 1.865 ms - 19[0m

2022-04-20 10:12:05 info: [0mGET /favicon.ico [33m404[0m 1.011 ms - 150[0m

2022-04-20 10:12:14 info: [0mGET /test [33m404[0m 0.568 ms - 20[0m

2022-04-20 10:14:04 error: error 발생
2022-04-20 10:14:04 info: [0mGET /test [33m404[0m 4.498 ms - 20[0m

2022-04-20 10:23:05 error: error 발생
2022-04-20 10:23:05 info: [0mGET /test [33m404[0m 4.355 ms - 20[0m

2022-04-20 10:23:08 info: [0mGET / [36m304[0m 0.637 ms - -[0m

2022-04-20 10:23:11 info: [0mGET / [36m304[0m 0.436 ms - -[0m

2022-04-20 10:23:31 info: [0mGET /test [31m500[0m 3.299 ms - 1410[0m

2022-04-20 10:23:37 error: error 발생
2022-04-20 10:23:37 info: [0mGET /test [33m404[0m 4.444 ms - 20[0m

2022-04-20 18:31:06 info: [0mGET / [33m404[0m 2.204 ms - 139[0m

2022-04-20 18:31:16 info: [0mGET /comment [33m404[0m 0.694 ms - 146[0m

2022-04-20 18:32:46 info: [0mPOST /comment [31m500[0m 1.827 ms - 1423[0m

2022-04-20 18:32:59 info: [0mPOST /comment [31m500[0m 1.814 ms - 1425[0m

2022-04-20 18:33:17 info: [0mPOST /comment [31m500[0m 3.904 ms - 1435[0m

2022-04-20 18:34:10 info: [0mPOST /comment [31m500[0m 14.727 ms - 684[0m

2022-04-20 18:36:40 info: [0mPOST /comment [31m500[0m 12.125 ms - 644[0m

2022-04-20 18:38:10 info: [0mPOST /comment [31m500[0m 12.898 ms - 644[0m

2022-04-20 18:38:28 info: [0mPOST /comment [31m500[0m 10.854 ms - 644[0m

2022-04-20 18:39:43 info: [0mPOST /comment [31m500[0m 10.638 ms - 644[0m

2022-04-20 18:44:21 info: [0mPOST /comment [31m500[0m 10.793 ms - 644[0m

2022-04-20 18:45:43 info: [0mPOST /comment [31m500[0m 11.594 ms - 644[0m

2022-04-20 18:46:15 info: [0mPOST /comment [31m500[0m 12.286 ms - 644[0m

2022-04-20 18:50:01 info: [0mPOST /comment [32m201[0m 33.369 ms - 109[0m

2022-04-20 19:59:12 info: [0mPOST /comment [32m201[0m 31.272 ms - 109[0m

2022-04-20 21:40:05 info: [0mPOST /comment [32m201[0m 496.816 ms - 105[0m

2022-04-20 21:43:03 info: [0mPOST /comment [32m201[0m 549.937 ms - 105[0m

2022-04-20 21:44:41 info: [0mPOST /comment [32m201[0m 560.876 ms - 105[0m

2022-04-20 21:45:31 info: [0mPOST /comment [0m-[0m - ms - -[0m

2022-04-20 22:07:39 info: [0mPOST /comment [32m201[0m 24.405 ms - 29[0m

2022-04-20 22:08:26 info: [0mPOST /comment [32m201[0m 23.587 ms - 29[0m

2022-04-20 22:09:48 info: [0mPOST /comment [32m201[0m 13.530 ms - 29[0m

2022-04-20 22:10:13 info: [0mPOST /comment [32m201[0m 24.537 ms - 29[0m

2022-04-20 22:11:50 info: [0mPOST /comment [32m201[0m 36.331 ms - 543[0m

2022-04-20 22:12:50 info: [0mPOST /comment [32m201[0m 30.807 ms - 551[0m

2022-04-20 22:13:47 info: [0mPOST /comment [32m201[0m 28.416 ms - 560[0m

2022-04-20 22:15:38 info: [0mPOST /comment [32m201[0m 28.428 ms - 579[0m

2022-04-20 22:16:19 info: [0mPOST /comment [32m201[0m 28.800 ms - 598[0m

2022-04-20 22:16:48 info: [0mPOST /comment [32m201[0m 32.820 ms - 617[0m

2022-04-20 22:17:15 info: [0mPOST /comment [32m201[0m 27.743 ms - 636[0m

2022-04-20 22:18:42 info: [0mPOST /comment [32m201[0m 31.468 ms - 655[0m

2022-04-20 22:19:53 info: [0mPOST /comment [32m201[0m 33.453 ms - 171[0m

2022-04-20 22:22:05 info: [0mPOST /comment [32m201[0m 31.926 ms - 61[0m

2022-04-20 22:22:53 info: [0mPOST /comment [32m201[0m 26.104 ms - 216[0m

2022-04-20 22:32:41 info: [0mGET /comment [32m201[0m 19.722 ms - 46[0m

2022-04-20 22:33:43 info: [0mGET /comment [32m201[0m 19.546 ms - 46[0m

2022-04-20 22:34:00 info: [0mGET /comment [32m201[0m 28.005 ms - 365[0m

2022-04-20 22:34:35 info: [0mGET /comment [32m201[0m 17.633 ms - 46[0m

2022-04-20 22:34:46 info: [0mGET /comment [32m201[0m 28.389 ms - 365[0m

2022-04-20 22:36:25 info: [0mGET /comment [32m201[0m 25.422 ms - 365[0m

2022-04-20 22:37:04 info: [0mGET /comment [32m201[0m 24.903 ms - 46[0m

2022-04-20 22:37:15 info: [0mGET /comment [32m201[0m 29.485 ms - 46[0m

2022-04-20 22:37:32 info: [0mGET /comment [32m201[0m 31.234 ms - 258[0m

2022-04-20 22:37:45 info: [0mGET /comment [32m201[0m 29.719 ms - 258[0m

2022-04-20 22:37:54 info: [0mGET /comment [32m201[0m 21.844 ms - 258[0m

2022-04-20 22:39:16 info: [0mGET /comment [32m201[0m 20.671 ms - 242[0m

2022-04-20 22:39:27 info: [0mGET /comment [32m201[0m 22.442 ms - 241[0m

2022-04-20 22:39:59 info: [0mGET /comment [32m201[0m 23.000 ms - 245[0m

2022-04-20 22:40:11 info: [0mGET /comment [32m201[0m 20.685 ms - 245[0m

2022-04-20 22:40:28 info: [0mGET /comment [32m201[0m 21.393 ms - 242[0m

2022-04-20 22:40:36 info: [0mGET /comment [32m201[0m 21.471 ms - 243[0m

2022-04-20 22:40:45 info: [0mGET /comment [32m201[0m 24.930 ms - 243[0m

2022-04-20 22:44:07 info: [0mGET /comment [32m200[0m 26.844 ms - 230[0m

